  main.cpp
D:\hal授業\自分用\opengl\fps就职作品\fps11\model.h(50,21): warning C4018: “<”: 有符号/无符号不匹配
D:\hal授業\自分用\opengl\fps就职作品\fps11\model.h(55,21): warning C4018: “<”: 有符号/无符号不匹配
D:\hal授業\自分用\opengl\fps就职作品\fps11\model.h(62,21): warning C4018: “<”: 有符号/无符号不匹配
D:\hal授業\自分用\opengl\fps就职作品\fps11\model.h(84,21): warning C4018: “<”: 有符号/无符号不匹配
D:\hal授業\自分用\opengl\fps就职作品\fps11\model.h(87,22): warning C4018: “<”: 有符号/无符号不匹配
D:\hal授業\自分用\opengl\fps就职作品\fps11\player.h(96,35): warning C4305: “参数”: 从“double”到“T”截断
          with
          [
              T=float
          ]
D:\hal授業\自分用\opengl\fps就职作品\fps11\player.h(107,35): warning C4305: “参数”: 从“double”到“T”截断
          with
          [
              T=float
          ]
D:\hal授業\自分用\opengl\fps就职作品\fps11\player.h(177,44): warning C4305: “参数”: 从“double”到“T”截断
          with
          [
              T=float
          ]
D:\hal授業\自分用\opengl\fps就职作品\fps11\player.h(204,40): warning C4244: “+=”: 从“double”转换到“float”，可能丢失数据
D:\hal授業\自分用\opengl\fps就职作品\fps11\player.h(205,42): warning C4244: “+=”: 从“double”转换到“float”，可能丢失数据
D:\hal授業\自分用\opengl\fps就职作品\fps11\NormalBall.h(34,20): warning C4244: “初始化”: 从“int”转换到“float”，可能丢失数据
D:\hal授業\自分用\opengl\fps就职作品\fps11\NormalBall.h(36,20): warning C4244: “初始化”: 从“int”转换到“float”，可能丢失数据
D:\hal授業\自分用\opengl\fps就职作品\fps11\NormalBall.h(40,20): warning C4244: “初始化”: 从“int”转换到“float”，可能丢失数据
D:\hal授業\自分用\opengl\fps就职作品\fps11\NormalBall.h(57,18): warning C4244: “初始化”: 从“double”转换到“float”，可能丢失数据
D:\hal授業\自分用\opengl\fps就职作品\fps11\TrackingBall.h(36,20): warning C4244: “初始化”: 从“int”转换到“float”，可能丢失数据
D:\hal授業\自分用\opengl\fps就职作品\fps11\TrackingBall.h(38,20): warning C4244: “初始化”: 从“int”转换到“float”，可能丢失数据
D:\hal授業\自分用\opengl\fps就职作品\fps11\TrackingBall.h(42,20): warning C4244: “初始化”: 从“int”转换到“float”，可能丢失数据
D:\hal授業\自分用\opengl\fps就职作品\fps11\TrackingBall.h(59,18): warning C4244: “初始化”: 从“double”转换到“float”，可能丢失数据
D:\hal授業\自分用\opengl\fps就职作品\fps11\TrackingBall.h(137,18): warning C4244: “初始化”: 从“double”转换到“float”，可能丢失数据
D:\hal授業\自分用\opengl\fps就职作品\fps11\GoldenBall.h(35,20): warning C4244: “初始化”: 从“int”转换到“float”，可能丢失数据
D:\hal授業\自分用\opengl\fps就职作品\fps11\GoldenBall.h(37,20): warning C4244: “初始化”: 从“int”转换到“float”，可能丢失数据
D:\hal授業\自分用\opengl\fps就职作品\fps11\GoldenBall.h(41,20): warning C4244: “初始化”: 从“int”转换到“float”，可能丢失数据
D:\hal授業\自分用\opengl\fps就职作品\fps11\GoldenBall.h(60,18): warning C4244: “初始化”: 从“double”转换到“float”，可能丢失数据
D:\hal授業\自分用\opengl\fps就职作品\fps11\sound.h(1,1): warning C4819: 该文件包含不能在当前代码页(932)中表示的字符。请将该文件保存为 Unicode 格式以防止数据丢失
C:\Program Files (x86)\Windows Kits\10\Include\10.0.22621.0\shared\minwindef.h(130,1): warning C4005: “APIENTRY”: 宏重定义
D:\hal授業\自分用\opengl\fps就职作品\fps11\library\include\glad\glad.h(32,1): message : 参见“APIENTRY”的前一个定义
D:\hal授業\自分用\opengl\fps就职作品\fps11\Minimap.h(176,25): warning C4244: “初始化”: 从“double”转换到“float”，可能丢失数据
D:\hal授業\自分用\opengl\fps就职作品\fps11\Minimap.h(185,53): warning C4267: “=”: 从“size_t”转换到“int”，可能丢失数据
D:\hal授業\自分用\opengl\fps就职作品\fps11\world.h(35,49): warning C4244: “参数”: 从“T”转换到“int”，可能丢失数据
          with
          [
              T=float
          ]
D:\hal授業\自分用\opengl\fps就职作品\fps11\world.h(35,35): warning C4244: “参数”: 从“T”转换到“int”，可能丢失数据
          with
          [
              T=float
          ]
D:\hal授業\自分用\opengl\fps就职作品\fps11\world.h(145,44): warning C4244: “参数”: 从“T”转换到“GLsizei”，可能丢失数据
          with
          [
              T=float
          ]
D:\hal授業\自分用\opengl\fps就职作品\fps11\world.h(145,30): warning C4244: “参数”: 从“T”转换到“GLsizei”，可能丢失数据
          with
          [
              T=float
          ]
D:\hal授業\自分用\opengl\fps就职作品\fps11\main.cpp(24,12): warning C4244: “参数”: 从“time_t”转换到“unsigned int”，可能丢失数据
D:\hal授業\自分用\opengl\fps就职作品\fps11\main.cpp(48,18): warning C4244: “参数”: 从“double”转换到“float”，可能丢失数据
  fps.vcxproj -> D:\hal授業\自分用\opengl\fps就职作品\fps11\x64\Debug\fps.exe
