  TitleUI.cpp
D:\hal授業\自分用\opengl\fps就职作品\44代码优化 - 副本\TitleUI.cpp(1,1): warning C4819: 该文件包含不能在当前代码页(932)中表示的字符。请将该文件保存为 Unicode 格式以防止数据丢失
D:\hal授業\自分用\opengl\fps就职作品\44代码优化 - 副本\TitleUI.h(1,1): warning C4819: 该文件包含不能在当前代码页(932)中表示的字符。请将该文件保存为 Unicode 格式以防止数据丢失
  (编译源文件“TitleUI.cpp”)
  
D:\hal授業\自分用\opengl\fps就职作品\44代码优化 - 副本\sound.h(1,1): warning C4819: 该文件包含不能在当前代码页(932)中表示的字符。请将该文件保存为 Unicode 格式以防止数据丢失
  (编译源文件“TitleUI.cpp”)
  
C:\Program Files (x86)\Windows Kits\10\Include\10.0.22621.0\shared\minwindef.h(130,9): warning C4005: “APIENTRY”: 宏重定义
  (编译源文件“TitleUI.cpp”)
      D:\hal授業\自分用\opengl\fps就职作品\44代码优化 - 副本\library\include\glad\glad.h(32,9):
      参见“APIENTRY”的前一个定义
  
D:\hal授業\自分用\opengl\fps就职作品\44代码优化 - 副本\Shader.h(1,1): warning C4819: 该文件包含不能在当前代码页(932)中表示的字符。请将该文件保存为 Unicode 格式以防止数据丢失
  (编译源文件“TitleUI.cpp”)
  
D:\hal授業\自分用\opengl\fps就职作品\44代码优化 - 副本\UI.h(1,1): warning C4819: 该文件包含不能在当前代码页(932)中表示的字符。请将该文件保存为 Unicode 格式以防止数据丢失
  (编译源文件“TitleUI.cpp”)
  
D:\hal授業\自分用\opengl\fps就职作品\44代码优化 - 副本\CharacterTexture.h(1,1): warning C4819: 该文件包含不能在当前代码页(932)中表示的字符。请将该文件保存为 Unicode 格式以防止数据丢失
  (编译源文件“TitleUI.cpp”)
  
  World.cpp
D:\hal授業\自分用\opengl\fps就职作品\44代码优化 - 副本\World.cpp(1,1): warning C4819: 该文件包含不能在当前代码页(932)中表示的字符。请将该文件保存为 Unicode 格式以防止数据丢失
D:\hal授業\自分用\opengl\fps就职作品\44代码优化 - 副本\sound.h(1,1): warning C4819: 该文件包含不能在当前代码页(932)中表示的字符。请将该文件保存为 Unicode 格式以防止数据丢失
  (编译源文件“World.cpp”)
  
C:\Program Files (x86)\Windows Kits\10\Include\10.0.22621.0\shared\minwindef.h(130,9): warning C4005: “APIENTRY”: 宏重定义
  (编译源文件“World.cpp”)
      D:\hal授業\自分用\opengl\fps就职作品\44代码优化 - 副本\library\include\glad\glad.h(32,9):
      参见“APIENTRY”的前一个定义
  
D:\hal授業\自分用\opengl\fps就职作品\44代码优化 - 副本\Shader.h(1,1): warning C4819: 该文件包含不能在当前代码页(932)中表示的字符。请将该文件保存为 Unicode 格式以防止数据丢失
  (编译源文件“World.cpp”)
  
D:\hal授業\自分用\opengl\fps就职作品\44代码优化 - 副本\Model.h(1,1): warning C4819: 该文件包含不能在当前代码页(932)中表示的字符。请将该文件保存为 Unicode 格式以防止数据丢失
  (编译源文件“World.cpp”)
  
D:\hal授業\自分用\opengl\fps就职作品\44代码优化 - 副本\ArrowManager.h(1,1): warning C4819: 该文件包含不能在当前代码页(932)中表示的字符。请将该文件保存为 Unicode 格式以防止数据丢失
  (编译源文件“World.cpp”)
  
D:\hal授業\自分用\opengl\fps就职作品\44代码优化 - 副本\Arrow.h(1,1): warning C4819: 该文件包含不能在当前代码页(932)中表示的字符。请将该文件保存为 Unicode 格式以防止数据丢失
  (编译源文件“World.cpp”)
  
D:\hal授業\自分用\opengl\fps就职作品\44代码优化 - 副本\MonsterManager.h(1,1): warning C4819: 该文件包含不能在当前代码页(932)中表示的字符。请将该文件保存为 Unicode 格式以防止数据丢失
  (编译源文件“World.cpp”)
  
D:\hal授業\自分用\opengl\fps就职作品\44代码优化 - 副本\Monster.h(1,1): warning C4819: 该文件包含不能在当前代码页(932)中表示的字符。请将该文件保存为 Unicode 格式以防止数据丢失
  (编译源文件“World.cpp”)
  
D:\hal授業\自分用\opengl\fps就职作品\44代码优化 - 副本\NormalMonster.h(1,1): warning C4819: 该文件包含不能在当前代码页(932)中表示的字符。请将该文件保存为 Unicode 格式以防止数据丢失
  (编译源文件“World.cpp”)
  
D:\hal授業\自分用\opengl\fps就职作品\44代码优化 - 副本\TrackingMonster.h(1,1): warning C4819: 该文件包含不能在当前代码页(932)中表示的字符。请将该文件保存为 Unicode 格式以防止数据丢失
  (编译源文件“World.cpp”)
  
D:\hal授業\自分用\opengl\fps就职作品\44代码优化 - 副本\BirdMonster.h(1,1): warning C4819: 该文件包含不能在当前代码页(932)中表示的字符。请将该文件保存为 Unicode 格式以防止数据丢失
  (编译源文件“World.cpp”)
  
D:\hal授業\自分用\opengl\fps就职作品\44代码优化 - 副本\Billboard.h(1,1): warning C4819: 该文件包含不能在当前代码页(932)中表示的字符。请将该文件保存为 Unicode 格式以防止数据丢失
  (编译源文件“World.cpp”)
  
D:\hal授業\自分用\opengl\fps就职作品\44代码优化 - 副本\Skybox.h(1,1): warning C4819: 该文件包含不能在当前代码页(932)中表示的字符。请将该文件保存为 Unicode 格式以防止数据丢失
  (编译源文件“World.cpp”)
  
D:\hal授業\自分用\opengl\fps就职作品\44代码优化 - 副本\ExtraFloorManager.h(1,1): warning C4819: 该文件包含不能在当前代码页(932)中表示的字符。请将该文件保存为 Unicode 格式以防止数据丢失
  (编译源文件“World.cpp”)
  
D:\hal授業\自分用\opengl\fps就职作品\44代码优化 - 副本\ExtraFloor.h(1,1): warning C4819: 该文件包含不能在当前代码页(932)中表示的字符。请将该文件保存为 Unicode 格式以防止数据丢失
  (编译源文件“World.cpp”)
  
D:\hal授業\自分用\opengl\fps就职作品\44代码优化 - 副本\Cube.h(1,1): warning C4819: 该文件包含不能在当前代码页(932)中表示的字符。请将该文件保存为 Unicode 格式以防止数据丢失
  (编译源文件“World.cpp”)
  
D:\hal授業\自分用\opengl\fps就职作品\44代码优化 - 副本\WallManager.h(1,1): warning C4819: 该文件包含不能在当前代码页(932)中表示的字符。请将该文件保存为 Unicode 格式以防止数据丢失
  (编译源文件“World.cpp”)
  
D:\hal授業\自分用\opengl\fps就职作品\44代码优化 - 副本\Wall.h(1,1): warning C4819: 该文件包含不能在当前代码页(932)中表示的字符。请将该文件保存为 Unicode 格式以防止数据丢失
  (编译源文件“World.cpp”)
  
D:\hal授業\自分用\opengl\fps就职作品\44代码优化 - 副本\StartCubeManager.h(1,1): warning C4819: 该文件包含不能在当前代码页(932)中表示的字符。请将该文件保存为 Unicode 格式以防止数据丢失
  (编译源文件“World.cpp”)
  
D:\hal授業\自分用\opengl\fps就职作品\44代码优化 - 副本\Star.h(1,1): warning C4819: 该文件包含不能在当前代码页(932)中表示的字符。请将该文件保存为 Unicode 格式以防止数据丢失
  (编译源文件“World.cpp”)
  
D:\hal授業\自分用\opengl\fps就职作品\44代码优化 - 副本\SignpostManager.h(1,1): warning C4819: 该文件包含不能在当前代码页(932)中表示的字符。请将该文件保存为 Unicode 格式以防止数据丢失
  (编译源文件“World.cpp”)
  
D:\hal授業\自分用\opengl\fps就职作品\44代码优化 - 副本\Signpost.h(1,1): warning C4819: 该文件包含不能在当前代码页(932)中表示的字符。请将该文件保存为 Unicode 格式以防止数据丢失
  (编译源文件“World.cpp”)
  
D:\hal授業\自分用\opengl\fps就职作品\44代码优化 - 副本\UIManager.h(1,1): warning C4819: 该文件包含不能在当前代码页(932)中表示的字符。请将该文件保存为 Unicode 格式以防止数据丢失
  (编译源文件“World.cpp”)
  
D:\hal授業\自分用\opengl\fps就职作品\44代码优化 - 副本\UI.h(1,1): warning C4819: 该文件包含不能在当前代码页(932)中表示的字符。请将该文件保存为 Unicode 格式以防止数据丢失
  (编译源文件“World.cpp”)
  
D:\hal授業\自分用\opengl\fps就职作品\44代码优化 - 副本\CharacterTexture.h(1,1): warning C4819: 该文件包含不能在当前代码页(932)中表示的字符。请将该文件保存为 Unicode 格式以防止数据丢失
  (编译源文件“World.cpp”)
  
D:\hal授業\自分用\opengl\fps就职作品\44代码优化 - 副本\Timer.h(1,1): warning C4819: 该文件包含不能在当前代码页(932)中表示的字符。请将该文件保存为 Unicode 格式以防止数据丢失
  (编译源文件“World.cpp”)
  
D:\hal授業\自分用\opengl\fps就职作品\44代码优化 - 副本\World.cpp(284,65): warning C4244: “参数”: 从“T”转换到“GLsizei”，可能丢失数据
D:\hal授業\自分用\opengl\fps就职作品\44代码优化 - 副本\World.cpp(284,65): warning C4244:         with
D:\hal授業\自分用\opengl\fps就职作品\44代码优化 - 副本\World.cpp(284,65): warning C4244:         [
D:\hal授業\自分用\opengl\fps就职作品\44代码优化 - 副本\World.cpp(284,65): warning C4244:             T=float
D:\hal授業\自分用\opengl\fps就职作品\44代码优化 - 副本\World.cpp(284,65): warning C4244:         ]
D:\hal授業\自分用\opengl\fps就职作品\44代码优化 - 副本\World.cpp(284,51): warning C4244: “参数”: 从“T”转换到“GLsizei”，可能丢失数据
D:\hal授業\自分用\opengl\fps就职作品\44代码优化 - 副本\World.cpp(284,51): warning C4244:         with
D:\hal授業\自分用\opengl\fps就职作品\44代码优化 - 副本\World.cpp(284,51): warning C4244:         [
D:\hal授業\自分用\opengl\fps就职作品\44代码优化 - 副本\World.cpp(284,51): warning C4244:             T=float
D:\hal授業\自分用\opengl\fps就职作品\44代码优化 - 副本\World.cpp(284,51): warning C4244:         ]
D:\hal授業\自分用\opengl\fps就职作品\44代码优化 - 副本\World.cpp(293,86): warning C4244: “参数”: 从“T”转换到“GLsizei”，可能丢失数据
D:\hal授業\自分用\opengl\fps就职作品\44代码优化 - 副本\World.cpp(293,86): warning C4244:         with
D:\hal授業\自分用\opengl\fps就职作品\44代码优化 - 副本\World.cpp(293,86): warning C4244:         [
D:\hal授業\自分用\opengl\fps就职作品\44代码优化 - 副本\World.cpp(293,86): warning C4244:             T=float
D:\hal授業\自分用\opengl\fps就职作品\44代码优化 - 副本\World.cpp(293,86): warning C4244:         ]
D:\hal授業\自分用\opengl\fps就职作品\44代码优化 - 副本\World.cpp(293,72): warning C4244: “参数”: 从“T”转换到“GLsizei”，可能丢失数据
D:\hal授業\自分用\opengl\fps就职作品\44代码优化 - 副本\World.cpp(293,72): warning C4244:         with
D:\hal授業\自分用\opengl\fps就职作品\44代码优化 - 副本\World.cpp(293,72): warning C4244:         [
D:\hal授業\自分用\opengl\fps就职作品\44代码优化 - 副本\World.cpp(293,72): warning C4244:             T=float
D:\hal授業\自分用\opengl\fps就职作品\44代码优化 - 副本\World.cpp(293,72): warning C4244:         ]
  正在生成代码...
  fps.vcxproj -> D:\hal授業\自分用\opengl\fps就职作品\44代码优化 - 副本\x64\Debug\fps.exe
